Compiled jquery.js  (2ms)  (pid 1337)
Compiled jquery_ujs.js  (0ms)  (pid 1337)
Compiled access.js  (497ms)  (pid 1337)
Compiled admin.js  (111ms)  (pid 1337)
Compiled admin/user.js  (111ms)  (pid 1337)
Compiled user.js  (112ms)  (pid 1337)
Compiled application.js  (955ms)  (pid 1337)
Compiled access.css  (1ms)  (pid 1337)
Compiled admin.css  (1ms)  (pid 1337)
Compiled admin/user.css  (1ms)  (pid 1337)
Compiled user.css  (1ms)  (pid 1337)
Compiled application.css  (1485ms)  (pid 1337)
Compiled jquery.js  (1ms)  (pid 1337)
Compiled jquery_ujs.js  (0ms)  (pid 1337)
Compiled access.js  (133ms)  (pid 1337)
Compiled admin.js  (115ms)  (pid 1337)
Compiled admin/user.js  (114ms)  (pid 1337)
Compiled user.js  (110ms)  (pid 1337)
Compiled application.js  (523ms)  (pid 1337)
Compiled access.css  (1ms)  (pid 1337)
Compiled admin.css  (0ms)  (pid 1337)
Compiled admin/user.css  (0ms)  (pid 1337)
Compiled user.css  (0ms)  (pid 1337)
Compiled application.css  (1285ms)  (pid 1337)
